<?xml version="1.0" encoding="UTF-8"?>
<!-- Generated by org.testng.reporters.JUnitReportReporter -->
<testsuite hostname="LAPTOP-8PV5OBQH" failures="0" tests="1" name="restassured.putreponse_dummy" time="4.726" errors="0" timestamp="2022-12-09T15:13:08 IST" skipped="0">
  <testcase classname="restassured.putreponse_dummy" name="updatedata" time="4.726"/>
  <system-out/>
</testsuite> <!-- restassured.putreponse_dummy -->
