<?xml version="1.0" encoding="UTF-8"?>
<!-- Generated by org.testng.reporters.JUnitReportReporter -->
<testsuite skipped="0" hostname="LAPTOP-8PV5OBQH" name="runner.ready" tests="4" failures="0" timestamp="2022-01-18T12:27:05 IST" time="156.384" errors="0">
  <testcase name="runScenario" time="36.518" classname="runner.ready"/>
  <system-out/>
  <testcase name="runScenario" time="34.554" classname="runner.ready"/>
  <system-out/>
  <testcase name="runScenario" time="45.852" classname="runner.ready"/>
  <system-out/>
  <testcase name="runScenario" time="39.460" classname="runner.ready"/>
  <system-out/>
</testsuite> <!-- runner.ready -->
