<?xml version="1.0" encoding="UTF-8"?>
<!-- Generated by org.testng.reporters.JUnitReportReporter -->
<testsuite hostname="LAPTOP-8PV5OBQH" failures="0" tests="1" name="restassured.post_dummy" time="3.286" errors="0" timestamp="2022-12-09T14:57:23 IST" skipped="0">
  <testcase classname="restassured.post_dummy" name="createdata" time="3.286"/>
  <system-out/>
</testsuite> <!-- restassured.post_dummy -->
