<?xml version="1.0" encoding="UTF-8"?>
<!-- Generated by org.testng.reporters.JUnitReportReporter -->
<testsuite hostname="LAPTOP-8PV5OBQH" failures="0" tests="1" name="restassured.get_dumyresponse" time="3.648" errors="0" timestamp="2022-12-09T15:49:48 IST" skipped="0">
  <testcase classname="restassured.get_dumyresponse" name="getrequestresponse" time="3.648"/>
  <system-out/>
</testsuite> <!-- restassured.get_dumyresponse -->
