<?xml version="1.0" encoding="UTF-8"?>
<!-- Generated by org.testng.reporters.JUnitReportReporter -->
<testsuite hostname="LAPTOP-8PV5OBQH" failures="0" tests="1" name="restassured.wheather" time="6.718" errors="0" timestamp="2022-12-08T12:43:40 IST" skipped="0">
  <testcase classname="restassured.wheather" name="wheatherDetails" time="6.718"/>
  <system-out/>
</testsuite> <!-- restassured.wheather -->
