<?xml version="1.0" encoding="UTF-8"?>
<!-- Generated by org.testng.reporters.JUnitReportReporter -->
<testsuite skipped="0" hostname="LAPTOP-8PV5OBQH" name="Tests.loginpage" tests="5" failures="0" timestamp="2022-01-18T14:15:11 IST" time="212.853" errors="0">
  <testcase name="loginpages" time="40.117" classname="Tests.loginpage"/>
  <system-out/>
  <testcase name="loginpages" time="41.804" classname="Tests.loginpage"/>
  <system-out/>
  <testcase name="loginpages" time="53.472" classname="Tests.loginpage"/>
  <system-out/>
  <testcase name="loginpages" time="40.560" classname="Tests.loginpage"/>
  <system-out/>
  <testcase name="loginpages" time="36.900" classname="Tests.loginpage"/>
  <system-out/>
</testsuite> <!-- Tests.loginpage -->
